#
# A fatal error has been detected by the Java Runtime Environment:
#
#  EXCEPTION_ACCESS_VIOLATION (0xc0000005) at pc=0x000000006f9fe063, pid=6796, tid=0x0000000000000598
#
# JRE version: Java(TM) SE Runtime Environment (8.0_201-b09) (build 1.8.0_201-b09)
# Java VM: Java HotSpot(TM) 64-Bit Server VM (25.201-b09 mixed mode windows-amd64 compressed oops)
# Problematic frame:
# V  [jvm.dll+0xfe063]
#
# Failed to write core dump. Minidumps are not enabled by default on client versions of Windows
#
# If you would like to submit a bug report, please visit:
#   http://bugreport.java.com/bugreport/crash.jsp
#

---------------  T H R E A D  ---------------

Current thread (0x0000000017317800):  VMThread [stack: 0x00000000183b0000,0x00000000184b0000] [id=1432]

siginfo: ExceptionCode=0xc0000005, reading address 0xffffffffffffffff

Registers:
RAX=0x000000000000001a, RBX=0x00000000184af2f0, RCX=0x00000000184af2f0, RDX=0xffffffffffffcada
RSP=0x00000000184af0a0, RBP=0x00000000184af110, RSI=0x00000000184af2f0, RDI=0x00000000000000a7
R8 =0x000000000000001a, R9 =0x00000000172254a0, R10=0x03ffffffffffff2b, R11=0x000000001beebacd
R12=0x0000000000000000, R13=0x000000006f9fe040, R14=0x00000000000000a5, R15=0x0000000000000001
RIP=0x000000006f9fe063, EFLAGS=0x0000000000010a06

Top of Stack: (sp=0x00000000184af0a0)
0x00000000184af0a0:   00000000184af2f0 00000000184af110
0x00000000184af0b0:   00000000000000a5 000000006f9b263e
0x00000000184af0c0:   00000000184af2f0 000000006f9ffe70
0x00000000184af0d0:   00001da453f435ca 00000000184af2f0
0x00000000184af0e0:   00000000184af2f0 000000006f9ff926
0x00000000184af0f0:   00000000184af160 000000001beeba55
0x00000000184af100:   000000000000000e 000000006f9ff926
0x00000000184af110:   00000000000003d8 00000000172257d8
0x00000000184af120:   0000000000000000 00000000000000a7
0x00000000184af130:   0000000017317800 000000006fa008d4
0x00000000184af140:   00000000184af2f0 0000000000000000
0x00000000184af150:   00000000000000a5 00000000000000a2
0x00000000184af160:   000000001beebba8 0000000017317800
0x00000000184af170:   000000a8000000a5 000000a7000000ed
0x00000000184af180:   0000000000000000 00000000000000a7
0x00000000184af190:   0000000000000003 00000000000003d8 

Instructions: (pc=0x000000006f9fe063)
0x000000006f9fe043:   83 ec 20 4c 8b 89 90 00 00 00 48 63 d2 48 8b d9
0x000000006f9fe053:   0f b6 c2 4c 8b d2 24 3f 49 c1 ea 06 44 0f b6 c0
0x000000006f9fe063:   4b 8b 04 d1 4c 0f a3 c0 72 0f 48 83 c1 70 41 b0
0x000000006f9fe073:   01 e8 87 8a 17 00 ff 43 6c 48 83 c4 20 5b c3 cc 


Register to memory mapping:

RAX=0x000000000000001a is an unknown value
RBX=0x00000000184af2f0 is an unknown value
RCX=0x00000000184af2f0 is an unknown value
RDX=0xffffffffffffcada is an unknown value
RSP=0x00000000184af0a0 is an unknown value
RBP=0x00000000184af110 is an unknown value
RSI=0x00000000184af2f0 is an unknown value
RDI=0x00000000000000a7 is an unknown value
R8 =0x000000000000001a is an unknown value
R9 =0x00000000172254a0 is an unknown value
R10=0x03ffffffffffff2b is an unknown value
R11=0x000000001beebacd is pointing into metadata
R12=0x0000000000000000 is an unknown value
R13=0x000000006f9fe040 is an unknown value
R14=0x00000000000000a5 is an unknown value
R15=0x0000000000000001 is an unknown value


Stack: [0x00000000183b0000,0x00000000184b0000],  sp=0x00000000184af0a0,  free space=1020k
Native frames: (J=compiled Java code, j=interpreted, Vv=VM code, C=native code)
V  [jvm.dll+0xfe063]
V  [jvm.dll+0xffe70]
V  [jvm.dll+0x1008d4]
V  [jvm.dll+0x103cb4]
V  [jvm.dll+0xc51ae]
V  [jvm.dll+0xc5838]
V  [jvm.dll+0xc596a]
V  [jvm.dll+0xc5b68]
V  [jvm.dll+0x10fb3a]
V  [jvm.dll+0x12d45f]
V  [jvm.dll+0x1bf61f]
V  [jvm.dll+0x24d407]
V  [jvm.dll+0x24c6a6]
V  [jvm.dll+0x24cb41]
V  [jvm.dll+0x24cd5e]
V  [jvm.dll+0x29fb6a]
C  [msvcr100.dll+0x21db7]
C  [msvcr100.dll+0x21e53]
C  [KERNEL32.DLL+0x14034]
C  [ntdll.dll+0x73691]

VM_Operation (0x0000000018e0f710): GetOrSetLocal, mode: safepoint, requested by thread 0x0000000017382000


---------------  P R O C E S S  ---------------

Java Threads: ( => current thread )
  0x000000001ad4c000 JavaThread "http-nio-8080-Acceptor-0" daemon [_thread_in_native, id=9724, stack(0x0000000021160000,0x0000000021260000)]
  0x000000001ad4b800 JavaThread "http-nio-8080-ClientPoller-1" daemon [_thread_in_native, id=18488, stack(0x0000000021060000,0x0000000021160000)]
  0x000000001ad67800 JavaThread "http-nio-8080-ClientPoller-0" daemon [_thread_in_native, id=14268, stack(0x0000000020f60000,0x0000000021060000)]
  0x000000001ad67000 JavaThread "http-nio-8080-exec-10" daemon [_thread_blocked, id=15736, stack(0x0000000020e60000,0x0000000020f60000)]
  0x000000001ad66000 JavaThread "http-nio-8080-exec-9" daemon [_thread_blocked, id=11000, stack(0x0000000020d60000,0x0000000020e60000)]
  0x000000001ad64000 JavaThread "http-nio-8080-exec-8" daemon [_thread_blocked, id=19192, stack(0x0000000020c60000,0x0000000020d60000)]
  0x000000001ad65800 JavaThread "http-nio-8080-exec-7" daemon [_thread_blocked, id=17176, stack(0x0000000020b60000,0x0000000020c60000)]
  0x000000001ad68800 JavaThread "http-nio-8080-exec-6" daemon [_thread_blocked, id=18436, stack(0x0000000020a60000,0x0000000020b60000)]
  0x000000001ad5e000 JavaThread "http-nio-8080-exec-5" daemon [_thread_blocked, id=18932, stack(0x0000000020960000,0x0000000020a60000)]
  0x000000001ad63000 JavaThread "http-nio-8080-exec-4" daemon [_thread_blocked, id=14148, stack(0x0000000020860000,0x0000000020960000)]
  0x000000001ad62800 JavaThread "http-nio-8080-exec-3" daemon [_thread_blocked, id=16964, stack(0x0000000020760000,0x0000000020860000)]
  0x000000001ad61800 JavaThread "http-nio-8080-exec-2" daemon [_thread_blocked, id=15108, stack(0x0000000020660000,0x0000000020760000)]
  0x000000001ad61000 JavaThread "http-nio-8080-exec-1" daemon [_thread_blocked, id=11200, stack(0x0000000020560000,0x0000000020660000)]
  0x000000001ad64800 JavaThread "NioBlockingSelector.BlockPoller-2" daemon [_thread_in_native, id=6368, stack(0x0000000020460000,0x0000000020560000)]
  0x000000001ad60000 JavaThread "File Watcher" daemon [_thread_blocked, id=14992, stack(0x0000000020360000,0x0000000020460000)]
  0x000000001ad5d000 JavaThread "container-0" [_thread_blocked, id=13732, stack(0x0000000020260000,0x0000000020360000)]
  0x000000001ad5a000 JavaThread "Catalina-utility-2" [_thread_blocked, id=3872, stack(0x0000000020160000,0x0000000020260000)]
  0x000000001ad5f800 JavaThread "Catalina-utility-1" [_thread_blocked, id=10868, stack(0x0000000020060000,0x0000000020160000)]
  0x000000001ad5b000 JavaThread "DestroyJavaVM" [_thread_blocked, id=12192, stack(0x00000000026b0000,0x00000000027b0000)]
  0x000000001ad52000 JavaThread "http-nio-8080-exec-7" daemon [_thread_blocked, id=6344, stack(0x000000001eb60000,0x000000001ec60000)]
  0x000000001ad51800 JavaThread "http-nio-8080-exec-6" daemon [_thread_blocked, id=13464, stack(0x000000001ea60000,0x000000001eb60000)]
  0x000000001ad4f000 JavaThread "http-nio-8080-exec-4" daemon [_thread_blocked, id=13056, stack(0x000000001e860000,0x000000001e960000)]
  0x000000001ad50800 JavaThread "http-nio-8080-exec-3" daemon [_thread_blocked, id=14824, stack(0x000000001e760000,0x000000001e860000)]
  0x000000001ad4e800 JavaThread "Live Reload Server" daemon [_thread_in_native, id=10312, stack(0x000000001e360000,0x000000001e460000)]
  0x000000001b295800 JavaThread "mysql-cj-abandoned-connection-cleanup" daemon [_thread_blocked, id=6964, stack(0x000000001c390000,0x000000001c490000)]
  0x0000000019705800 JavaThread "RMI TCP Accept-0" daemon [_thread_in_native, id=14196, stack(0x0000000019e10000,0x0000000019f10000)]
  0x00000000196f5000 JavaThread "RMI TCP Accept-34531" daemon [_thread_in_native, id=13528, stack(0x0000000019d10000,0x0000000019e10000)]
  0x00000000196e5000 JavaThread "RMI TCP Accept-0" daemon [_thread_in_native, id=16200, stack(0x0000000019c10000,0x0000000019d10000)]
  0x00000000187e8800 JavaThread "Service Thread" daemon [_thread_blocked, id=1136, stack(0x0000000019310000,0x0000000019410000)]
  0x0000000018786000 JavaThread "C1 CompilerThread2" daemon [_thread_blocked, id=17816, stack(0x0000000019210000,0x0000000019310000)]
  0x00000000173ac800 JavaThread "C2 CompilerThread1" daemon [_thread_blocked, id=15996, stack(0x0000000019110000,0x0000000019210000)]
  0x00000000173a1000 JavaThread "C2 CompilerThread0" daemon [_thread_blocked, id=3248, stack(0x0000000019010000,0x0000000019110000)]
  0x0000000017392000 JavaThread "JDWP Command Reader" daemon [_thread_in_native, id=15992, stack(0x0000000018f10000,0x0000000019010000)]
  0x000000001738d000 JavaThread "JDWP Event Helper Thread" daemon [_thread_blocked, id=12328, stack(0x0000000018e10000,0x0000000018f10000)]
  0x0000000017382000 JavaThread "JDWP Transport Listener: dt_socket" daemon [_thread_blocked, id=13680, stack(0x0000000018d10000,0x0000000018e10000)]
  0x0000000018752800 JavaThread "Attach Listener" daemon [_thread_blocked, id=7540, stack(0x0000000018c10000,0x0000000018d10000)]
  0x0000000017366000 JavaThread "Signal Dispatcher" daemon [_thread_blocked, id=13084, stack(0x0000000018b10000,0x0000000018c10000)]
  0x00000000028a9000 JavaThread "Finalizer" daemon [_thread_blocked, id=5772, stack(0x00000000185b0000,0x00000000186b0000)]
  0x00000000028a6000 JavaThread "Reference Handler" daemon [_thread_blocked, id=808, stack(0x00000000184b0000,0x00000000185b0000)]

Other Threads:
=>0x0000000017317800 VMThread [stack: 0x00000000183b0000,0x00000000184b0000] [id=1432]
  0x0000000019706800 WatcherThread [stack: 0x0000000019f10000,0x000000001a010000] [id=268]

VM state:at safepoint (normal execution)

VM Mutex/Monitor currently owned by a thread:  ([mutex/lock_event])
[0x00000000027b32d0] Threads_lock - owner thread: 0x0000000017317800

heap address: 0x0000000082800000, size: 2008 MB, Compressed Oops mode: 32-bit
Narrow klass base: 0x0000000000000000, Narrow klass shift: 3
Compressed class space size: 1073741824 Address: 0x0000000100000000

Heap:
 PSYoungGen      total 295936K, used 247116K [0x00000000d6300000, 0x00000000e9480000, 0x0000000100000000)
  eden space 279552K, 88% used [0x00000000d6300000,0x00000000e5453288,0x00000000e7400000)
  from space 16384K, 0% used [0x00000000e7400000,0x00000000e7400000,0x00000000e8400000)
  to   space 16384K, 0% used [0x00000000e8480000,0x00000000e8480000,0x00000000e9480000)
 ParOldGen       total 82432K, used 24151K [0x0000000082800000, 0x0000000087880000, 0x00000000d6300000)
  object space 82432K, 29% used [0x0000000082800000,0x0000000083f95fb0,0x0000000087880000)
 Metaspace       used 44583K, capacity 46762K, committed 47104K, reserved 1089536K
  class space    used 5917K, capacity 6301K, committed 6400K, reserved 1048576K

Card table byte_map: [0x0000000011c70000,0x0000000012060000] byte_map_base: 0x000000001185c000

Marking Bits: (ParMarkBitMap*) 0x0000000070124ce0
 Begin Bits: [0x0000000012700000, 0x0000000014660000)
 End Bits:   [0x0000000014660000, 0x00000000165c0000)

Polling page: 0x0000000000600000

CodeCache: size=245760Kb used=11039Kb max_used=11039Kb free=234720Kb
 bounds [0x00000000028b0000, 0x0000000003380000, 0x00000000118b0000]
 total_blobs=5818 nmethods=5291 adapters=447
 compilation: enabled

Compilation events (10 events):
Event: 249.576 Thread 0x0000000018786000 5394       1       org.springframework.context.event.SimpleApplicationEventMulticaster::getErrorHandler (5 bytes)
Event: 249.576 Thread 0x0000000018786000 nmethod 5394 0x000000000337a0d0 code [0x000000000337a220, 0x000000000337a330]
Event: 249.578 Thread 0x0000000018786000 5395       1       org.springframework.context.event.GenericApplicationListenerAdapter::resolveDeclaredEventType (41 bytes)
Event: 249.578 Thread 0x0000000018786000 nmethod 5395 0x000000000337a390 code [0x000000000337a520, 0x000000000337a718]
Event: 249.578 Thread 0x0000000018786000 5396       1       org.springframework.core.ResolvableType::isAssignableFrom (10 bytes)
Event: 249.578 Thread 0x0000000018786000 nmethod 5396 0x000000000337a850 code [0x000000000337a9c0, 0x000000000337ab98]
Event: 249.580 Thread 0x0000000018786000 5397       1       org.apache.tomcat.util.net.AbstractEndpoint::isPaused (5 bytes)
Event: 249.580 Thread 0x0000000018786000 nmethod 5397 0x000000000337ac90 code [0x000000000337ade0, 0x000000000337aef0]
Event: 266.582 Thread 0x0000000018786000 5398       1       java.util.Collections$SetFromMap::iterator (10 bytes)
Event: 266.582 Thread 0x0000000018786000 nmethod 5398 0x000000000337af50 code [0x000000000337b0a0, 0x000000000337b1e8]

GC Heap History (10 events):
Event: 25.604 GC heap before
{Heap before GC invocations=12 (full 2):
 PSYoungGen      total 167936K, used 154624K [0x00000000d6300000, 0x00000000e5600000, 0x0000000100000000)
  eden space 154624K, 100% used [0x00000000d6300000,0x00000000dfa00000,0x00000000dfa00000)
  from space 13312K, 0% used [0x00000000dfa00000,0x00000000dfa00000,0x00000000e0700000)
  to   space 12800K, 0% used [0x00000000e4980000,0x00000000e4980000,0x00000000e5600000)
 ParOldGen       total 82432K, used 16703K [0x0000000082800000, 0x0000000087880000, 0x00000000d6300000)
  object space 82432K, 20% used [0x0000000082800000,0x000000008384ff18,0x0000000087880000)
 Metaspace       used 37517K, capacity 39460K, committed 39552K, reserved 1083392K
  class space    used 5055K, capacity 5420K, committed 5504K, reserved 1048576K
Event: 25.611 GC heap after
Heap after GC invocations=12 (full 2):
 PSYoungGen      total 218624K, used 6766K [0x00000000d6300000, 0x00000000e5080000, 0x0000000100000000)
  eden space 211456K, 0% used [0x00000000d6300000,0x00000000d6300000,0x00000000e3180000)
  from space 7168K, 94% used [0x00000000e4980000,0x00000000e501b800,0x00000000e5080000)
  to   space 12288K, 0% used [0x00000000e3880000,0x00000000e3880000,0x00000000e4480000)
 ParOldGen       total 82432K, used 16711K [0x0000000082800000, 0x0000000087880000, 0x00000000d6300000)
  object space 82432K, 20% used [0x0000000082800000,0x0000000083851f18,0x0000000087880000)
 Metaspace       used 37517K, capacity 39460K, committed 39552K, reserved 1083392K
  class space    used 5055K, capacity 5420K, committed 5504K, reserved 1048576K
}
Event: 63.090 GC heap before
{Heap before GC invocations=13 (full 2):
 PSYoungGen      total 218624K, used 218222K [0x00000000d6300000, 0x00000000e5080000, 0x0000000100000000)
  eden space 211456K, 100% used [0x00000000d6300000,0x00000000e3180000,0x00000000e3180000)
  from space 7168K, 94% used [0x00000000e4980000,0x00000000e501b800,0x00000000e5080000)
  to   space 12288K, 0% used [0x00000000e3880000,0x00000000e3880000,0x00000000e4480000)
 ParOldGen       total 82432K, used 16711K [0x0000000082800000, 0x0000000087880000, 0x00000000d6300000)
  object space 82432K, 20% used [0x0000000082800000,0x0000000083851f18,0x0000000087880000)
 Metaspace       used 44157K, capacity 46156K, committed 46208K, reserved 1089536K
  class space    used 5853K, capacity 6233K, committed 6272K, reserved 1048576K
Event: 63.104 GC heap after
Heap after GC invocations=13 (full 2):
 PSYoungGen      total 230912K, used 12267K [0x00000000d6300000, 0x00000000e9380000, 0x0000000100000000)
  eden space 218624K, 0% used [0x00000000d6300000,0x00000000d6300000,0x00000000e3880000)
  from space 12288K, 99% used [0x00000000e3880000,0x00000000e447ac60,0x00000000e4480000)
  to   space 15872K, 0% used [0x00000000e8400000,0x00000000e8400000,0x00000000e9380000)
 ParOldGen       total 82432K, used 21521K [0x0000000082800000, 0x0000000087880000, 0x00000000d6300000)
  object space 82432K, 26% used [0x0000000082800000,0x0000000083d04400,0x0000000087880000)
 Metaspace       used 44157K, capacity 46156K, committed 46208K, reserved 1089536K
  class space    used 5853K, capacity 6233K, committed 6272K, reserved 1048576K
}
Event: 150.617 GC heap before
{Heap before GC invocations=14 (full 2):
 PSYoungGen      total 230912K, used 230891K [0x00000000d6300000, 0x00000000e9380000, 0x0000000100000000)
  eden space 218624K, 100% used [0x00000000d6300000,0x00000000e3880000,0x00000000e3880000)
  from space 12288K, 99% used [0x00000000e3880000,0x00000000e447ac60,0x00000000e4480000)
  to   space 15872K, 0% used [0x00000000e8400000,0x00000000e8400000,0x00000000e9380000)
 ParOldGen       total 82432K, used 21521K [0x0000000082800000, 0x0000000087880000, 0x00000000d6300000)
  object space 82432K, 26% used [0x0000000082800000,0x0000000083d04400,0x0000000087880000)
 Metaspace       used 44168K, capacity 46156K, committed 46208K, reserved 1089536K
  class space    used 5855K, capacity 6233K, committed 6272K, reserved 1048576K
Event: 150.622 GC heap after
Heap after GC invocations=14 (full 2):
 PSYoungGen      total 295424K, used 704K [0x00000000d6300000, 0x00000000e9480000, 0x0000000100000000)
  eden space 279552K, 0% used [0x00000000d6300000,0x00000000d6300000,0x00000000e7400000)
  from space 15872K, 4% used [0x00000000e8400000,0x00000000e84b0000,0x00000000e9380000)
  to   space 16384K, 0% used [0x00000000e7400000,0x00000000e7400000,0x00000000e8400000)
 ParOldGen       total 82432K, used 28517K [0x0000000082800000, 0x0000000087880000, 0x00000000d6300000)
  object space 82432K, 34% used [0x0000000082800000,0x00000000843d96b8,0x0000000087880000)
 Metaspace       used 44168K, capacity 46156K, committed 46208K, reserved 1089536K
  class space    used 5855K, capacity 6233K, committed 6272K, reserved 1048576K
}
Event: 246.779 GC heap before
{Heap before GC invocations=15 (full 2):
 PSYoungGen      total 295424K, used 238138K [0x00000000d6300000, 0x00000000e9480000, 0x0000000100000000)
  eden space 279552K, 84% used [0x00000000d6300000,0x00000000e4adebb0,0x00000000e7400000)
  from space 15872K, 4% used [0x00000000e8400000,0x00000000e84b0000,0x00000000e9380000)
  to   space 16384K, 0% used [0x00000000e7400000,0x00000000e7400000,0x00000000e8400000)
 ParOldGen       total 82432K, used 28517K [0x0000000082800000, 0x0000000087880000, 0x00000000d6300000)
  object space 82432K, 34% used [0x0000000082800000,0x00000000843d96b8,0x0000000087880000)
 Metaspace       used 44233K, capacity 46378K, committed 46464K, reserved 1089536K
  class space    used 5866K, capacity 6239K, committed 6272K, reserved 1048576K
Event: 246.781 GC heap after
Heap after GC invocations=15 (full 2):
 PSYoungGen      total 295936K, used 736K [0x00000000d6300000, 0x00000000e9480000, 0x0000000100000000)
  eden space 279552K, 0% used [0x00000000d6300000,0x00000000d6300000,0x00000000e7400000)
  from space 16384K, 4% used [0x00000000e7400000,0x00000000e74b8000,0x00000000e8400000)
  to   space 16384K, 0% used [0x00000000e8480000,0x00000000e8480000,0x00000000e9480000)
 ParOldGen       total 82432K, used 28525K [0x0000000082800000, 0x0000000087880000, 0x00000000d6300000)
  object space 82432K, 34% used [0x0000000082800000,0x00000000843db6b8,0x0000000087880000)
 Metaspace       used 44233K, capacity 46378K, committed 46464K, reserved 1089536K
  class space    used 5866K, capacity 6239K, committed 6272K, reserved 1048576K
}
Event: 246.781 GC heap before
{Heap before GC invocations=16 (full 3):
 PSYoungGen      total 295936K, used 736K [0x00000000d6300000, 0x00000000e9480000, 0x0000000100000000)
  eden space 279552K, 0% used [0x00000000d6300000,0x00000000d6300000,0x00000000e7400000)
  from space 16384K, 4% used [0x00000000e7400000,0x00000000e74b8000,0x00000000e8400000)
  to   space 16384K, 0% used [0x00000000e8480000,0x00000000e8480000,0x00000000e9480000)
 ParOldGen       total 82432K, used 28525K [0x0000000082800000, 0x0000000087880000, 0x00000000d6300000)
  object space 82432K, 34% used [0x0000000082800000,0x00000000843db6b8,0x0000000087880000)
 Metaspace       used 44233K, capacity 46378K, committed 46464K, reserved 1089536K
  class space    used 5866K, capacity 6239K, committed 6272K, reserved 1048576K
Event: 246.944 GC heap after
Heap after GC invocations=16 (full 3):
 PSYoungGen      total 295936K, used 0K [0x00000000d6300000, 0x00000000e9480000, 0x0000000100000000)
  eden space 279552K, 0% used [0x00000000d6300000,0x00000000d6300000,0x00000000e7400000)
  from space 16384K, 0% used [0x00000000e7400000,0x00000000e7400000,0x00000000e8400000)
  to   space 16384K, 0% used [0x00000000e8480000,0x00000000e8480000,0x00000000e9480000)
 ParOldGen       total 82432K, used 24151K [0x0000000082800000, 0x0000000087880000, 0x00000000d6300000)
  object space 82432K, 29% used [0x0000000082800000,0x0000000083f95fb0,0x0000000087880000)
 Metaspace       used 44229K, capacity 46366K, committed 46464K, reserved 1089536K
  class space    used 5865K, capacity 6237K, committed 6272K, reserved 1048576K
}

Deoptimization events (0 events):
No events

Classes redefined (3 events):
Event: 235.594 Thread 0x0000000017317800 redefined class name=com.cilicili.user.controller.user.FaceManagerController, count=1
Event: 266.916 Thread 0x0000000017317800 redefined class name=com.cilicili.user.controller.user.FaceManagerController, count=1
Event: 266.934 Thread 0x0000000017317800 redefined class name=com.cilicili.user.controller.user.FaceManagerController, count=2

Internal exceptions (10 events):
Event: 248.742 Thread 0x000000001ad59800 Exception <a 'java/lang/ArrayIndexOutOfBoundsException'> (0x00000000e17ae020) thrown at [C:\re\workspace\8-2-build-windows-amd64-cygwin\jdk8u201\12322\hotspot\src\share\vm\runtime\sharedRuntime.cpp, line 605]
Event: 248.743 Thread 0x000000001ad59800 Exception <a 'java/lang/ArrayIndexOutOfBoundsException'> (0x00000000e17b5b60) thrown at [C:\re\workspace\8-2-build-windows-amd64-cygwin\jdk8u201\12322\hotspot\src\share\vm\runtime\sharedRuntime.cpp, line 605]
Event: 248.743 Thread 0x000000001ad59800 Exception <a 'java/lang/ArrayIndexOutOfBoundsException'> (0x00000000e17b8ff8) thrown at [C:\re\workspace\8-2-build-windows-amd64-cygwin\jdk8u201\12322\hotspot\src\share\vm\runtime\sharedRuntime.cpp, line 605]
Event: 248.744 Thread 0x000000001ad59800 Exception <a 'java/lang/ArrayIndexOutOfBoundsException'> (0x00000000e17c1378) thrown at [C:\re\workspace\8-2-build-windows-amd64-cygwin\jdk8u201\12322\hotspot\src\share\vm\runtime\sharedRuntime.cpp, line 605]
Event: 248.746 Thread 0x000000001ad59800 Exception <a 'java/lang/ArrayIndexOutOfBoundsException'> (0x00000000e17e0a60) thrown at [C:\re\workspace\8-2-build-windows-amd64-cygwin\jdk8u201\12322\hotspot\src\share\vm\runtime\sharedRuntime.cpp, line 605]
Event: 248.790 Thread 0x000000001ad59800 Exception <a 'java/lang/ArrayIndexOutOfBoundsException'> (0x00000000e1b6a010) thrown at [C:\re\workspace\8-2-build-windows-amd64-cygwin\jdk8u201\12322\hotspot\src\share\vm\runtime\sharedRuntime.cpp, line 605]
Event: 249.568 Thread 0x000000001ad59800 Exception <a 'java/lang/ClassCastException': org.springframework.context.event.ContextRefreshedEvent cannot be cast to org.springframework.boot.devtools.classpath.ClassPathChangedEvent> (0x00000000e2148e58) thrown at [C:\re\workspace\8-2-build-windows-amd
Event: 249.576 Thread 0x000000001ad59800 Exception <a 'java/lang/ClassCastException': org.springframework.boot.web.servlet.context.ServletWebServerInitializedEvent cannot be cast to org.springframework.boot.devtools.classpath.ClassPathChangedEvent> (0x00000000e2162120) thrown at [C:\re\workspace
Event: 249.576 Thread 0x000000001ad59800 Exception <a 'java/lang/ClassCastException': org.springframework.boot.context.event.ApplicationStartedEvent cannot be cast to org.springframework.boot.devtools.classpath.ClassPathChangedEvent> (0x00000000e2166b70) thrown at [C:\re\workspace\8-2-build-wind
Event: 249.578 Thread 0x000000001ad59800 Exception <a 'java/lang/ClassCastException': org.springframework.boot.context.event.ApplicationReadyEvent cannot be cast to org.springframework.boot.devtools.classpath.ClassPathChangedEvent> (0x00000000e21702e0) thrown at [C:\re\workspace\8-2-build-window

Events (10 events):
Event: 266.986 Executing VM operation: ChangeBreakpoints done
Event: 267.002 Executing VM operation: ChangeBreakpoints
Event: 267.003 Executing VM operation: ChangeBreakpoints done
Event: 267.006 Executing VM operation: ChangeBreakpoints
Event: 267.008 Executing VM operation: ChangeBreakpoints done
Event: 267.093 Executing VM operation: GetOwnedMonitorInfo
Event: 267.093 Executing VM operation: GetOwnedMonitorInfo done
Event: 267.093 Executing VM operation: GetCurrentContendedMonitor
Event: 267.093 Executing VM operation: GetCurrentContendedMonitor done
Event: 267.109 Executing VM operation: GetOrSetLocal


Dynamic libraries:
0x00007ff7c83d0000 - 0x00007ff7c8407000 	C:\Program Files\Java\jdk1.8.0_201\bin\javaw.exe
0x00007ff9db810000 - 0x00007ff9db9f1000 	C:\WINDOWS\SYSTEM32\ntdll.dll
0x00007ff9daa20000 - 0x00007ff9daad1000 	C:\WINDOWS\System32\KERNEL32.DLL
0x00007ff9d7ff0000 - 0x00007ff9d8263000 	C:\WINDOWS\System32\KERNELBASE.dll
0x00007ff9db190000 - 0x00007ff9db231000 	C:\WINDOWS\System32\ADVAPI32.dll
0x00007ff9db270000 - 0x00007ff9db30e000 	C:\WINDOWS\System32\msvcrt.dll
0x00007ff9d91f0000 - 0x00007ff9d924b000 	C:\WINDOWS\System32\sechost.dll
0x00007ff9d9280000 - 0x00007ff9d93a4000 	C:\WINDOWS\System32\RPCRT4.dll
0x00007ff9dab90000 - 0x00007ff9dad20000 	C:\WINDOWS\System32\USER32.dll
0x00007ff9d7be0000 - 0x00007ff9d7c00000 	C:\WINDOWS\System32\win32u.dll
0x00007ff9d9250000 - 0x00007ff9d9278000 	C:\WINDOWS\System32\GDI32.dll
0x00007ff9d7df0000 - 0x00007ff9d7f82000 	C:\WINDOWS\System32\gdi32full.dll
0x00007ff9d8270000 - 0x00007ff9d830f000 	C:\WINDOWS\System32\msvcp_win.dll
0x00007ff9d8b20000 - 0x00007ff9d8c18000 	C:\WINDOWS\System32\ucrtbase.dll
0x00007ff9ce4c0000 - 0x00007ff9ce729000 	C:\WINDOWS\WinSxS\amd64_microsoft.windows.common-controls_6595b64144ccf1df_6.0.17134.765_none_fb42a1a930655896\COMCTL32.dll
0x00007ff9d8de0000 - 0x00007ff9d9102000 	C:\WINDOWS\System32\combase.dll
0x00007ff9d8c20000 - 0x00007ff9d8c9a000 	C:\WINDOWS\System32\bcryptPrimitives.dll
0x00007ff9db240000 - 0x00007ff9db26d000 	C:\WINDOWS\System32\IMM32.DLL
0x00000000710a0000 - 0x0000000071171000 	C:\Program Files\Java\jdk1.8.0_201\jre\bin\msvcr100.dll
0x000000006f900000 - 0x00000000701a4000 	C:\Program Files\Java\jdk1.8.0_201\jre\bin\server\jvm.dll
0x00007ff9db310000 - 0x00007ff9db318000 	C:\WINDOWS\System32\PSAPI.DLL
0x00007ff9d1e70000 - 0x00007ff9d1e7a000 	C:\WINDOWS\SYSTEM32\VERSION.dll
0x00007ff9cf260000 - 0x00007ff9cf283000 	C:\WINDOWS\SYSTEM32\WINMM.dll
0x00007ff9d6760000 - 0x00007ff9d6769000 	C:\WINDOWS\SYSTEM32\WSOCK32.dll
0x00007ff9cf230000 - 0x00007ff9cf25a000 	C:\WINDOWS\SYSTEM32\winmmbase.dll
0x00007ff9d9180000 - 0x00007ff9d91ec000 	C:\WINDOWS\System32\WS2_32.dll
0x00007ff9d8a20000 - 0x00007ff9d8a69000 	C:\WINDOWS\System32\cfgmgr32.dll
0x00007ff9d3fa0000 - 0x00007ff9d3faf000 	C:\Program Files\Java\jdk1.8.0_201\jre\bin\verify.dll
0x00007ff9c7df0000 - 0x00007ff9c7e19000 	C:\Program Files\Java\jdk1.8.0_201\jre\bin\java.dll
0x00007ff9bdee0000 - 0x00007ff9bdf15000 	C:\Program Files\Java\jdk1.8.0_201\jre\bin\jdwp.dll
0x00007ff9d3ba0000 - 0x00007ff9d3ba8000 	C:\Program Files\Java\jdk1.8.0_201\jre\bin\npt.dll
0x00007ff9d01b0000 - 0x00007ff9d01c6000 	C:\Program Files\Java\jdk1.8.0_201\jre\bin\zip.dll
0x00007ff9d95e0000 - 0x00007ff9daa20000 	C:\WINDOWS\System32\SHELL32.dll
0x00007ff9db590000 - 0x00007ff9db639000 	C:\WINDOWS\System32\shcore.dll
0x00007ff9d8310000 - 0x00007ff9d8a1d000 	C:\WINDOWS\System32\windows.storage.dll
0x00007ff9d9120000 - 0x00007ff9d9171000 	C:\WINDOWS\System32\shlwapi.dll
0x00007ff9d7b90000 - 0x00007ff9d7ba1000 	C:\WINDOWS\System32\kernel.appcore.dll
0x00007ff9d7b20000 - 0x00007ff9d7b3f000 	C:\WINDOWS\System32\profapi.dll
0x00007ff9d7b40000 - 0x00007ff9d7b8c000 	C:\WINDOWS\System32\powrprof.dll
0x00007ff9d7bb0000 - 0x00007ff9d7bba000 	C:\WINDOWS\System32\FLTLIB.DLL
0x00007ff9d2f40000 - 0x00007ff9d2f49000 	C:\Program Files\Java\jdk1.8.0_201\jre\bin\dt_socket.dll
0x00007ff9c3db0000 - 0x00007ff9c3dc6000 	C:\WINDOWS\system32\napinsp.dll
0x00007ff9c3d90000 - 0x00007ff9c3daa000 	C:\WINDOWS\system32\pnrpnsp.dll
0x00007ff9d14f0000 - 0x00007ff9d1509000 	C:\WINDOWS\system32\NLAapi.dll
0x00007ff9d73a0000 - 0x00007ff9d7406000 	C:\WINDOWS\System32\mswsock.dll
0x00007ff9d7160000 - 0x00007ff9d721e000 	C:\WINDOWS\SYSTEM32\DNSAPI.dll
0x00007ff9d9110000 - 0x00007ff9d9118000 	C:\WINDOWS\System32\NSI.dll
0x00007ff9d7120000 - 0x00007ff9d7158000 	C:\WINDOWS\SYSTEM32\IPHLPAPI.DLL
0x00007ff9c87c0000 - 0x00007ff9c87ce000 	C:\WINDOWS\System32\winrnr.dll
0x00007ff9c3d70000 - 0x00007ff9c3d85000 	C:\WINDOWS\System32\wshbth.dll
0x00007ff9d0b00000 - 0x00007ff9d0b72000 	C:\WINDOWS\System32\fwpuclnt.dll
0x00007ff9d7680000 - 0x00007ff9d76a5000 	C:\WINDOWS\SYSTEM32\bcrypt.dll
0x00007ff9d0af0000 - 0x00007ff9d0afa000 	C:\Windows\System32\rasadhlp.dll
0x00007ff9d0160000 - 0x00007ff9d016d000 	C:\Program Files\Java\jdk1.8.0_201\jre\bin\management.dll
0x00007ff9c70a0000 - 0x00007ff9c70ba000 	C:\Program Files\Java\jdk1.8.0_201\jre\bin\net.dll
0x00007ff9ceab0000 - 0x00007ff9cec78000 	C:\WINDOWS\SYSTEM32\urlmon.dll
0x00007ff9cb600000 - 0x00007ff9cb8a7000 	C:\WINDOWS\SYSTEM32\iertutil.dll
0x00007ff9d7570000 - 0x00007ff9d757b000 	C:\WINDOWS\SYSTEM32\CRYPTBASE.DLL
0x00007ff9c6fa0000 - 0x00007ff9c6fb1000 	C:\Program Files\Java\jdk1.8.0_201\jre\bin\nio.dll
0x00007ff9d7550000 - 0x00007ff9d7567000 	C:\WINDOWS\SYSTEM32\CRYPTSP.dll
0x00007ff9d6f80000 - 0x00007ff9d6fb3000 	C:\WINDOWS\system32\rsaenh.dll
0x00007ff9d7a20000 - 0x00007ff9d7a48000 	C:\WINDOWS\SYSTEM32\USERENV.dll
0x00007ff9d10e0000 - 0x00007ff9d10f6000 	C:\WINDOWS\SYSTEM32\dhcpcsvc6.DLL
0x00007ff9d10c0000 - 0x00007ff9d10da000 	C:\WINDOWS\SYSTEM32\dhcpcsvc.DLL
0x00007ff9b85e0000 - 0x00007ff9b8604000 	C:\Program Files\Java\jdk1.8.0_201\jre\bin\sunec.dll
0x00007ff9cfca0000 - 0x00007ff9cfcab000 	C:\Program Files\Java\jdk1.8.0_201\jre\bin\sunmscapi.dll
0x00007ff9d7c00000 - 0x00007ff9d7de2000 	C:\WINDOWS\System32\CRYPT32.dll
0x00007ff9d7bc0000 - 0x00007ff9d7bd2000 	C:\WINDOWS\System32\MSASN1.dll
0x00007ff9d6520000 - 0x00007ff9d66e9000 	C:\WINDOWS\SYSTEM32\dbghelp.dll

VM Arguments:
jvm_args: -agentlib:jdwp=transport=dt_socket,suspend=y,address=localhost:34532 -Dcom.sun.management.jmxremote -Dcom.sun.management.jmxremote.port=34531 -Dcom.sun.management.jmxremote.authenticate=false -Dcom.sun.management.jmxremote.ssl=false -Djava.rmi.server.hostname=localhost -Dspring.liveBeansView.mbeanDomain -Dspring.application.admin.enabled=true -Xverify:none -XX:TieredStopAtLevel=1 -Dfile.encoding=utf-8 
java_command: com.cilicili.CiliciliWebApplication
java_class_path (initial): C:\Users\admin\Desktop\5.29(2)\cilicili-parent-master\cilicili-web\target\classes;K:\eclipse\plugins\org.junit_4.12.0.v201504281640\junit.jar;K:\eclipse\plugins\org.hamcrest.core_1.3.0.v20180420-1519.jar;C:\Users\admin\Desktop\5.29(2)\cilicili-parent-master\cilicili-advertisement\target\classes;C:\Users\admin\Desktop\5.29(2)\cilicili-parent-master\cilicili-comment\target\classes;C:\Users\admin\Desktop\5.29(2)\cilicili-parent-master\cilicili-content\target\classes;C:\Users\admin\Desktop\5.29(2)\cilicili-parent-master\cilicili-payment\target\classes;C:\Users\admin\Desktop\5.29(2)\cilicili-parent-master\cilicili-common\target\classes;C:\Users\admin\Desktop\5.29(2)\cilicili-parent-master\cilicili-user\target\classes;K:\Maven\repo\org\apache\shiro\shiro-core\1.2.3\shiro-core-1.2.3.jar;K:\Maven\repo\org\slf4j\slf4j-api\1.7.26\slf4j-api-1.7.26.jar;K:\Maven\repo\commons-beanutils\commons-beanutils\1.8.3\commons-beanutils-1.8.3.jar;K:\Maven\repo\org\apache\shiro\shiro-spring\1.2.3\shiro-spring-1.2.3.jar;K:\Maven\repo\org\apache\shiro\shiro-web\1.2.3\shiro-web-1.2.3.jar;K:\Maven\repo\com\github\theborakompanioni\thymeleaf-extras-shiro\2.0.0\thymeleaf-extras-shiro-2.0.0.jar;K:\Maven\repo\org\springframework\boot\spring-boot-starter-mail\2.2.0.M2\spring-boot-starter-mail-2.2.0.M2.jar;K:\Maven\repo\org\springframework\spring-context-support\5.2.0.M1\spring-context-support-5.2.0.M1.jar;K:\Maven\repo\com\sun\mail\jakarta.mail\1.6.3\jakarta.mail-1.6.3.jar;K:\Maven\repo\com\sun\activation\jakarta.activation\1.2.1\jakarta.activation-1.2.1.jar;K:\Maven\repo\com\alibaba\fastjson\1.2.54\fastjson-1.2.54.jar;K:\Maven\repo\org\apache\shiro\shiro-ehcache\1.3.2\shiro-ehcache-1.3.2.jar;K:\Maven\repo\net\sf\ehcache\ehcache-core\2.5.3\ehcache-core-2.5.3.jar;K:\Maven\repo\org\springframework\boot\spring-boot-starter-cache\2.2.0.M2\spring-boot-starter-cache-2.2.0.M2.jar;K:\Maven\repo\net\sf\ehcache\ehcache\2.10.6\ehcache-2.10.6.jar;K:\Maven\repo\com\alibaba\druid\1.0.
Launcher Type: SUN_STANDARD

Environment Variables:
JAVA_HOME=C:\Program Files\Java\jdk1.8.0_201
CLASSPATH=.;C:\Program Files\Java\jre1.8.0_201;\lib;C:\Program Files\Java\jre1.8.0_201;\lib\tools.jar
PATH=C:\Program Files\Java\jdk1.8.0_201\jre\bin;C:/Program Files/Java/jre1.8.0_201/bin/server;C:/Program Files/Java/jre1.8.0_201/bin;C:/Program Files/Java/jre1.8.0_201/lib/amd64;C:\Program Files (x86)\Common Files\Oracle\Java\javapath;C:\WINDOWS\system32;C:\WINDOWS;C:\WINDOWS\System32\Wbem;C:\WINDOWS\System32\WindowsPowerShell\v1.0\;C:\Program Files\Java\jre1.8.0_201;;C:\Python27;C:\WINDOWS\System32\OpenSSH\;C:\Program Files\dotnet\;C:\WINDOWS\system32\config\systemprofile\AppData\Local\Microsoft\WindowsApps;C:\Program Files\Java\jre1.8.0_201\bin;K:\Git\cmd;K:\apache-maven-3.6.0\bin;C:\Users\admin\AppData\Local\Temp;K:\Program Files\apache-maven-3.6.0\bin;C:\Program Files\Java\jdk1.8.0_201\bin;C:\Users\admin\AppData\Local\GitHubDesktop\bin;C:\ProgramData\admin\GitHubDesktop\bin;C:\Users\admin\AppData\Local\BypassRuntm;K:\eclipse;
USERNAME=admin
OS=Windows_NT
PROCESSOR_IDENTIFIER=Intel64 Family 6 Model 94 Stepping 3, GenuineIntel



---------------  S Y S T E M  ---------------

OS: Windows 10.0 , 64 bit Build 17134 (10.0.17134.753)

CPU:total 4 (initial active 4) (4 cores per cpu, 1 threads per core) family 6 model 94 stepping 3, cmov, cx8, fxsr, mmx, sse, sse2, sse3, ssse3, sse4.1, sse4.2, popcnt, avx, avx2, aes, clmul, erms, rtm, 3dnowpref, lzcnt, tsc, tscinvbit, bmi1, bmi2, adx

Memory: 4k page, physical 8223680k(2872404k free), swap 9633996k(1551372k free)

vm_info: Java HotSpot(TM) 64-Bit Server VM (25.201-b09) for windows-amd64 JRE (1.8.0_201-b09), built on Dec 15 2018 18:36:39 by "java_re" with MS VC++ 10.0 (VS2010)

time: Mon Jun 10 11:45:24 2019
timezone: 中国标准时间
elapsed time: 267 seconds (0d 0h 4m 27s)

